STAR version=2.7.6a_mod_2020-11-05
STAR compilation time,server,dir=2020. 11. 06. (금) 16:54:18 KST :/root/program/STAR/source
##### Command Line:
STAR --runMode genomeGenerate --runThreadN 32 --genomeDir /disk11/3.Pipeline_test_ljh/STAR_Index --genomeFastaFiles /disk11/3.Pipeline_test_ljh/Coturnix_japonica.Coturnix_japonica_2.0.dna.toplevel.fa.gz --sjdbGTFfile /disk11/3.Pipeline_test_ljh/Coturnix_japonica.Coturnix_japonica_2.0.102.gtf.gz --sjdbOverhang 35
##### Initial USER parameters from Command Line:
###### All USER parameters from Command Line:
runMode                       genomeGenerate     ~RE-DEFINED
runThreadN                    32     ~RE-DEFINED
genomeDir                     /disk11/3.Pipeline_test_ljh/STAR_Index     ~RE-DEFINED
genomeFastaFiles              /disk11/3.Pipeline_test_ljh/Coturnix_japonica.Coturnix_japonica_2.0.dna.toplevel.fa.gz        ~RE-DEFINED
sjdbGTFfile                   /disk11/3.Pipeline_test_ljh/Coturnix_japonica.Coturnix_japonica_2.0.102.gtf.gz     ~RE-DEFINED
sjdbOverhang                  35     ~RE-DEFINED
##### Finished reading parameters from all sources

##### Final user re-defined parameters-----------------:
runMode                           genomeGenerate
runThreadN                        32
genomeDir                         /disk11/3.Pipeline_test_ljh/STAR_Index
genomeFastaFiles                  /disk11/3.Pipeline_test_ljh/Coturnix_japonica.Coturnix_japonica_2.0.dna.toplevel.fa.gz   
sjdbGTFfile                       /disk11/3.Pipeline_test_ljh/Coturnix_japonica.Coturnix_japonica_2.0.102.gtf.gz
sjdbOverhang                      35

-------------------------------
##### Final effective command line:
STAR   --runMode genomeGenerate   --runThreadN 32   --genomeDir /disk11/3.Pipeline_test_ljh/STAR_Index   --genomeFastaFiles /disk11/3.Pipeline_test_ljh/Coturnix_japonica.Coturnix_japonica_2.0.dna.toplevel.fa.gz      --sjdbGTFfile /disk11/3.Pipeline_test_ljh/Coturnix_japonica.Coturnix_japonica_2.0.102.gtf.gz   --sjdbOverhang 35
----------------------------------------

Number of fastq files for each mate = 1
Finished loading and checking parameters
--genomeDir directory exists and will be overwritten: /disk11/3.Pipeline_test_ljh/STAR_Index/
!!!!! WARNING: Could not move Log.out file from ./Log.out into /disk11/3.Pipeline_test_ljh/STAR_Index/Log.out. Will keep ./Log.out

Feb 06 15:23:21 ... starting to generate Genome files

EXITING because of INPUT ERROR: the file format of the genomeFastaFile: /disk11/3.Pipeline_test_ljh/Coturnix_japonica.Coturnix_japonica_2.0.dna.toplevel.fa.gz is not fasta: the first character is '' (31), not '>'.
 Solution: check formatting of the fasta file. Make sure the file is uncompressed (unzipped).

Feb 06 15:23:21 ...... FATAL ERROR, exiting
